    1  ll
    2  git version
    3  git --versio
    4  git --version
    5  ls
    6  git clone https://github.com/prakashaws9000/first-repo.git
    7  cd first-repo/
    8  cd first-repo/
    9  touch file{1..10}.log
   10  ls
   11  git add .
   12  git commit -m "added 10 files"
   13  git push origin main
   14  git check -b prakash_v1.0
   15  git checkout -b prakash_v1.0
   16  ls
   17  touch prakash{1..10}.log
   18  git status
   19  git add .
   20  git commit -m "added prakash files"
   21  git push origin prakash_v1.0
   22  git checkout main
   23  ls
   24  git pull
   25  ls
   26  history
   27  history >11_06_2025_4_pm.log
